0 verbose cli /usr/bin/node /usr/bin/npm
1 info using npm@9.2.0
2 info using node@v20.19.2
3 timing npm:load:whichnode Completed in 1ms
4 timing config:load:defaults Completed in 2ms
5 timing config:load:file:/usr/share/nodejs/npm/npmrc Completed in 6ms
6 timing config:load:builtin Completed in 6ms
7 timing config:load:cli Completed in 3ms
8 timing config:load:env Completed in 1ms
9 timing config:load:project Completed in 5ms
10 timing config:load:file:/home/kali/.npmrc Completed in 1ms
11 timing config:load:user Completed in 1ms
12 timing config:load:file:/etc/npmrc Completed in 1ms
13 timing config:load:global Completed in 1ms
14 timing config:load:setEnvs Completed in 2ms
15 timing config:load Completed in 21ms
16 timing npm:load:configload Completed in 22ms
17 timing npm:load:mkdirpcache Completed in 4ms
18 timing npm:load:mkdirplogs Completed in 4ms
19 verbose title npm install tailwindcss postcss autoprefixer npx tailwindcss init
20 verbose argv "install" "--save-dev" "tailwindcss" "postcss" "autoprefixer" "npx" "tailwindcss" "init" "--parseable"
21 timing npm:load:setTitle Completed in 3ms
22 timing config:load:flatten Completed in 19ms
23 timing npm:load:display Completed in 22ms
24 verbose logfile logs-max:10 dir:/home/kali/.npm/_logs/2025-06-06T15_47_12_114Z-
25 verbose logfile /home/kali/.npm/_logs/2025-06-06T15_47_12_114Z-debug-0.log
26 timing npm:load:logFile Completed in 33ms
27 timing npm:load:timers Completed in 0ms
28 timing npm:load:configScope Completed in 0ms
29 timing npm:load Completed in 90ms
30 silly logfile done cleaning log files
31 timing config:load:flatten Completed in 1ms
32 timing arborist:ctor Completed in 1ms
33 timing arborist:ctor Completed in 0ms
34 timing idealTree:init Completed in 35ms
35 timing idealTree:userRequests Completed in 11ms
36 silly idealTree buildDeps
37 silly fetch manifest tailwindcss@*
38 http fetch GET 200 https://registry.npmjs.org/tailwindcss 790ms (cache miss)
39 silly fetch manifest postcss@*
40 http fetch GET 200 https://registry.npmjs.org/postcss 71ms (cache miss)
41 silly fetch manifest autoprefixer@*
42 http fetch GET 200 https://registry.npmjs.org/autoprefixer 75ms (cache miss)
43 silly fetch manifest npx@*
44 http fetch GET 200 https://registry.npmjs.org/npx 241ms (cache miss)
45 silly fetch manifest init@*
46 http fetch GET 200 https://registry.npmjs.org/init 220ms (cache miss)
47 silly placeDep ROOT autoprefixer@10.4.21 OK for:  want: *
48 silly placeDep ROOT postcss@8.5.4 OK for: autoprefixer@10.4.21 want: ^8.1.0
49 silly placeDep ROOT init@0.1.2 OK for:  want: *
50 silly placeDep ROOT npx@10.2.2 OK for:  want: *
51 silly placeDep ROOT postcss@8.5.4 REPLACE for:  want: *
52 silly placeDep ROOT tailwindcss@4.1.8 OK for:  want: *
53 silly fetch manifest picocolors@^1.1.1
54 silly fetch manifest fraction.js@^4.3.7
55 silly fetch manifest browserslist@^4.24.4
56 silly fetch manifest caniuse-lite@^1.0.30001702
57 silly fetch manifest normalize-range@^0.1.2
58 silly fetch manifest postcss-value-parser@^4.2.0
59 silly fetch manifest nanoid@^3.3.11
60 silly fetch manifest source-map-js@^1.2.1
61 silly fetch manifest daemon@>=0.3.0
62 http fetch GET 200 https://registry.npmjs.org/picocolors 111ms (cache miss)
63 http fetch GET 200 https://registry.npmjs.org/source-map-js 275ms (cache miss)
64 http fetch GET 200 https://registry.npmjs.org/fraction.js 287ms (cache miss)
65 http fetch GET 200 https://registry.npmjs.org/postcss-value-parser 292ms (cache miss)
66 http fetch GET 200 https://registry.npmjs.org/daemon 344ms (cache miss)
67 http fetch GET 200 https://registry.npmjs.org/browserslist 404ms (cache miss)
68 http fetch GET 200 https://registry.npmjs.org/nanoid 410ms (cache miss)
69 http fetch GET 200 https://registry.npmjs.org/normalize-range 435ms (cache miss)
70 http fetch GET 200 https://registry.npmjs.org/caniuse-lite 478ms (cache miss)
71 timing idealTree:#root Completed in 2088ms
72 silly placeDep ROOT browserslist@4.25.0 OK for: autoprefixer@10.4.21 want: ^4.24.4
73 silly placeDep ROOT caniuse-lite@1.0.30001721 OK for: autoprefixer@10.4.21 want: ^1.0.30001702
74 silly placeDep ROOT fraction.js@4.3.7 OK for: autoprefixer@10.4.21 want: ^4.3.7
75 silly placeDep ROOT normalize-range@0.1.2 OK for: autoprefixer@10.4.21 want: ^0.1.2
76 silly placeDep ROOT picocolors@1.1.1 OK for: autoprefixer@10.4.21 want: ^1.1.1
77 silly placeDep ROOT postcss-value-parser@4.2.0 OK for: autoprefixer@10.4.21 want: ^4.2.0
78 silly fetch manifest electron-to-chromium@^1.5.160
79 silly fetch manifest node-releases@^2.0.19
80 silly fetch manifest update-browserslist-db@^1.1.3
81 http fetch GET 200 https://registry.npmjs.org/update-browserslist-db 138ms (cache miss)
82 http fetch GET 200 https://registry.npmjs.org/node-releases 194ms (cache miss)
83 http fetch GET 200 https://registry.npmjs.org/electron-to-chromium 344ms (cache miss)
84 timing idealTree:node_modules/autoprefixer Completed in 418ms
85 silly fetch manifest browserslist@>= 4.21.0
86 silly placeDep ROOT electron-to-chromium@1.5.165 OK for: browserslist@4.25.0 want: ^1.5.160
87 silly placeDep ROOT node-releases@2.0.19 OK for: browserslist@4.25.0 want: ^2.0.19
88 silly placeDep ROOT update-browserslist-db@1.1.3 OK for: browserslist@4.25.0 want: ^1.1.3
89 silly fetch manifest escalade@^3.2.0
90 http fetch GET 200 https://registry.npmjs.org/escalade 60ms (cache miss)
91 timing idealTree:node_modules/browserslist Completed in 79ms
92 timing idealTree:node_modules/caniuse-lite Completed in 0ms
93 timing idealTree:node_modules/electron-to-chromium Completed in 0ms
94 timing idealTree:node_modules/fraction.js Completed in 0ms
95 silly placeDep ROOT daemon@1.1.0 OK for: init@0.1.2 want: >=0.3.0
96 timing idealTree:node_modules/init Completed in 4ms
97 timing idealTree:node_modules/daemon Completed in 0ms
98 timing idealTree:node_modules/node-releases Completed in 1ms
99 timing idealTree:node_modules/normalize-range Completed in 0ms
100 timing idealTree:node_modules/npx Completed in 0ms
101 timing idealTree:node_modules/picocolors Completed in 0ms
102 silly placeDep ROOT nanoid@3.3.11 OK for: postcss@8.5.4 want: ^3.3.11
103 silly placeDep ROOT source-map-js@1.2.1 OK for: postcss@8.5.4 want: ^1.2.1
104 timing idealTree:node_modules/postcss Completed in 6ms
105 timing idealTree:node_modules/nanoid Completed in 0ms
106 timing idealTree:node_modules/postcss-value-parser Completed in 0ms
107 timing idealTree:node_modules/source-map-js Completed in 0ms
108 timing idealTree:node_modules/tailwindcss Completed in 0ms
109 silly placeDep ROOT escalade@3.2.0 OK for: update-browserslist-db@1.1.3 want: ^3.2.0
110 timing idealTree:node_modules/update-browserslist-db Completed in 4ms
111 timing idealTree:node_modules/escalade Completed in 0ms
112 timing idealTree:buildDeps Completed in 2607ms
113 timing idealTree:fixDepFlags Completed in 1ms
114 timing idealTree Completed in 2659ms
115 timing reify:loadTrees Completed in 2663ms
116 timing reify:diffTrees Completed in 3ms
117 silly reify moves {}
118 timing reify:retireShallow Completed in 2ms
119 timing reify:createSparse Completed in 18ms
120 silly tarball no local data for npx@https://registry.npmjs.org/npx/-/npx-10.2.2.tgz. Extracting by manifest.
121 http fetch GET 200 https://registry.npmjs.org/npx/-/npx-10.2.2.tgz 9766ms (cache miss)
122 warn deprecated npx@10.2.2: This package is now part of the npm CLI.
123 timing reifyNode:node_modules/npx Completed in 9783ms
124 timing arborist:ctor Completed in 0ms
125 timing reify:diffTrees Completed in 5ms
126 timing reify:loadBundles Completed in 11472ms
127 silly tarball no local data for escalade@https://registry.npmjs.org/escalade/-/escalade-3.2.0.tgz. Extracting by manifest.
128 silly tarball no local data for source-map-js@https://registry.npmjs.org/source-map-js/-/source-map-js-1.2.1.tgz. Extracting by manifest.
129 silly tarball no local data for nanoid@https://registry.npmjs.org/nanoid/-/nanoid-3.3.11.tgz. Extracting by manifest.
130 silly tarball no local data for daemon@https://registry.npmjs.org/daemon/-/daemon-1.1.0.tgz. Extracting by manifest.
131 silly tarball no local data for update-browserslist-db@https://registry.npmjs.org/update-browserslist-db/-/update-browserslist-db-1.1.3.tgz. Extracting by manifest.
132 silly tarball no local data for node-releases@https://registry.npmjs.org/node-releases/-/node-releases-2.0.19.tgz. Extracting by manifest.
133 silly tarball no local data for electron-to-chromium@https://registry.npmjs.org/electron-to-chromium/-/electron-to-chromium-1.5.165.tgz. Extracting by manifest.
134 silly tarball no local data for postcss-value-parser@https://registry.npmjs.org/postcss-value-parser/-/postcss-value-parser-4.2.0.tgz. Extracting by manifest.
135 silly tarball no local data for picocolors@https://registry.npmjs.org/picocolors/-/picocolors-1.1.1.tgz. Extracting by manifest.
136 silly tarball no local data for normalize-range@https://registry.npmjs.org/normalize-range/-/normalize-range-0.1.2.tgz. Extracting by manifest.
137 silly tarball no local data for fraction.js@https://registry.npmjs.org/fraction.js/-/fraction.js-4.3.7.tgz. Extracting by manifest.
138 silly tarball no local data for caniuse-lite@https://registry.npmjs.org/caniuse-lite/-/caniuse-lite-1.0.30001721.tgz. Extracting by manifest.
139 silly tarball no local data for browserslist@https://registry.npmjs.org/browserslist/-/browserslist-4.25.0.tgz. Extracting by manifest.
140 silly tarball no local data for tailwindcss@https://registry.npmjs.org/tailwindcss/-/tailwindcss-4.1.8.tgz. Extracting by manifest.
141 silly tarball no local data for postcss@https://registry.npmjs.org/postcss/-/postcss-8.5.4.tgz. Extracting by manifest.
142 silly tarball no local data for init@https://registry.npmjs.org/init/-/init-0.1.2.tgz. Extracting by manifest.
143 silly tarball no local data for autoprefixer@https://registry.npmjs.org/autoprefixer/-/autoprefixer-10.4.21.tgz. Extracting by manifest.
144 http fetch GET 200 https://registry.npmjs.org/daemon/-/daemon-1.1.0.tgz 407ms (cache miss)
145 http fetch GET 200 https://registry.npmjs.org/escalade/-/escalade-3.2.0.tgz 418ms (cache miss)
146 http fetch GET 200 https://registry.npmjs.org/picocolors/-/picocolors-1.1.1.tgz 392ms (cache miss)
147 timing reifyNode:node_modules/picocolors Completed in 508ms
148 http fetch GET 200 https://registry.npmjs.org/init/-/init-0.1.2.tgz 382ms (cache miss)
149 timing reifyNode:node_modules/init Completed in 509ms
150 timing reifyNode:node_modules/daemon Completed in 526ms
151 timing reifyNode:node_modules/escalade Completed in 527ms
152 http fetch GET 200 https://registry.npmjs.org/update-browserslist-db/-/update-browserslist-db-1.1.3.tgz 465ms (cache miss)
153 timing reifyNode:node_modules/update-browserslist-db Completed in 563ms
154 http fetch GET 200 https://registry.npmjs.org/node-releases/-/node-releases-2.0.19.tgz 465ms (cache miss)
155 timing reifyNode:node_modules/node-releases Completed in 565ms
156 http fetch GET 200 https://registry.npmjs.org/normalize-range/-/normalize-range-0.1.2.tgz 480ms (cache miss)
157 timing reifyNode:node_modules/normalize-range Completed in 598ms
158 http fetch GET 200 https://registry.npmjs.org/postcss-value-parser/-/postcss-value-parser-4.2.0.tgz 515ms (cache miss)
159 timing reifyNode:node_modules/postcss-value-parser Completed in 628ms
160 http fetch GET 200 https://registry.npmjs.org/nanoid/-/nanoid-3.3.11.tgz 565ms (cache miss)
161 http fetch GET 200 https://registry.npmjs.org/electron-to-chromium/-/electron-to-chromium-1.5.165.tgz 549ms (cache miss)
162 timing reifyNode:node_modules/electron-to-chromium Completed in 657ms
163 timing reifyNode:node_modules/nanoid Completed in 681ms
164 http fetch GET 200 https://registry.npmjs.org/source-map-js/-/source-map-js-1.2.1.tgz 618ms (cache miss)
165 timing reifyNode:node_modules/source-map-js Completed in 707ms
166 http fetch GET 200 https://registry.npmjs.org/fraction.js/-/fraction.js-4.3.7.tgz 611ms (cache miss)
167 timing reifyNode:node_modules/fraction.js Completed in 731ms
168 http fetch GET 200 https://registry.npmjs.org/browserslist/-/browserslist-4.25.0.tgz 719ms (cache miss)
169 timing reifyNode:node_modules/browserslist Completed in 842ms
170 http fetch GET 200 https://registry.npmjs.org/autoprefixer/-/autoprefixer-10.4.21.tgz 832ms (cache miss)
171 http fetch GET 200 https://registry.npmjs.org/postcss/-/postcss-8.5.4.tgz 851ms (cache miss)
172 timing reifyNode:node_modules/postcss Completed in 977ms
173 timing reifyNode:node_modules/autoprefixer Completed in 979ms
174 http fetch GET 200 https://registry.npmjs.org/tailwindcss/-/tailwindcss-4.1.8.tgz 899ms (cache miss)
175 timing reifyNode:node_modules/tailwindcss Completed in 1028ms
176 http fetch GET 200 https://registry.npmjs.org/caniuse-lite/-/caniuse-lite-1.0.30001721.tgz 2218ms (cache miss)
177 timing reifyNode:node_modules/caniuse-lite Completed in 2339ms
178 timing reify:unpack Completed in 2342ms
179 timing reify:unretire Completed in 1ms
180 timing build:queue Completed in 93ms
181 timing build:link:node_modules/autoprefixer Completed in 52ms
182 timing build:link:node_modules/npx/node_modules/is-ci Completed in 49ms
183 timing build:link:node_modules/npx/node_modules/npm/node_modules/JSONStream Completed in 48ms
184 timing build:link:node_modules/npx/node_modules/npm/node_modules/node-gyp/node_modules/nopt Completed in 46ms
185 timing build:link:node_modules/npx/node_modules/npm/node_modules/worker-farm/node_modules/errno Completed in 46ms
186 timing build:link:node_modules/npx/node_modules/npm/node_modules/update-notifier/node_modules/latest-version/node_modules/package-json/node_modules/registry-auth-token/node_modules/rc Completed in 45ms
187 timing build:link:node_modules/npx/node_modules/npm/node_modules/update-notifier/node_modules/latest-version/node_modules/package-json/node_modules/registry-url/node_modules/rc Completed in 44ms
188 timing build:link:node_modules/browserslist Completed in 53ms
189 timing build:link:node_modules/nanoid Completed in 52ms
190 timing build:link:node_modules/npx Completed in 53ms
191 timing build:link:node_modules/update-browserslist-db Completed in 53ms
192 timing build:link:node_modules/npx/node_modules/npm Completed in 52ms
193 timing build:link:node_modules/npx/node_modules/rc Completed in 52ms
194 timing build:link:node_modules/npx/node_modules/rimraf Completed in 51ms
195 timing build:link:node_modules/npx/node_modules/semver Completed in 51ms
196 timing build:link:node_modules/npx/node_modules/which Completed in 50ms
197 timing build:link:node_modules/npx/node_modules/npm/node_modules/mkdirp Completed in 49ms
198 timing build:link:node_modules/npx/node_modules/npm/node_modules/node-gyp Completed in 49ms
199 timing build:link:node_modules/npx/node_modules/npm/node_modules/opener Completed in 48ms
200 timing build:link:node_modules/npx/node_modules/npm/node_modules/nopt Completed in 49ms
201 timing build:link:node_modules/npx/node_modules/npm/node_modules/rimraf Completed in 48ms
202 timing build:link:node_modules/npx/node_modules/npm/node_modules/semver Completed in 49ms
203 timing build:link:node_modules/npx/node_modules/npm/node_modules/uuid Completed in 49ms
204 timing build:link:node_modules/npx/node_modules/npm/node_modules/which Completed in 48ms
205 timing build:link:node_modules/npx/node_modules/npm/node_modules/request/node_modules/http-signature/node_modules/sshpk Completed in 47ms
206 timing build:link Completed in 57ms
207 timing build:deps Completed in 151ms
208 timing build Completed in 152ms
209 timing reify:build Completed in 153ms
210 timing reify:trash Completed in 0ms
211 timing reify:save Completed in 346ms
212 timing reify Completed in 17067ms
213 silly ADD node_modules/escalade
214 silly ADD node_modules/source-map-js
215 silly ADD node_modules/nanoid
216 silly ADD node_modules/daemon
217 silly ADD node_modules/update-browserslist-db
218 silly ADD node_modules/node-releases
219 silly ADD node_modules/electron-to-chromium
220 silly ADD node_modules/postcss-value-parser
221 silly ADD node_modules/picocolors
222 silly ADD node_modules/normalize-range
223 silly ADD node_modules/fraction.js
224 silly ADD node_modules/caniuse-lite
225 silly ADD node_modules/browserslist
226 silly ADD node_modules/tailwindcss
227 silly ADD node_modules/postcss
228 silly ADD node_modules/npx
229 silly ADD node_modules/init
230 silly ADD node_modules/autoprefixer
231 timing command:install Completed in 17087ms
232 verbose exit 0
233 timing npm Completed in 17218ms
234 info ok
