0 verbose cli /usr/bin/node /usr/bin/npm
1 info using npm@9.2.0
2 info using node@v20.19.2
3 timing npm:load:whichnode Completed in 1ms
4 timing config:load:defaults Completed in 3ms
5 timing config:load:file:/usr/share/nodejs/npm/npmrc Completed in 5ms
6 timing config:load:builtin Completed in 5ms
7 timing config:load:cli Completed in 2ms
8 timing config:load:env Completed in 1ms
9 timing config:load:project Completed in 5ms
10 timing config:load:file:/home/kali/.npmrc Completed in 1ms
11 timing config:load:user Completed in 1ms
12 timing config:load:file:/etc/npmrc Completed in 1ms
13 timing config:load:global Completed in 1ms
14 timing config:load:setEnvs Completed in 2ms
15 timing config:load Completed in 21ms
16 timing npm:load:configload Completed in 21ms
17 timing npm:load:mkdirpcache Completed in 4ms
18 timing npm:load:mkdirplogs Completed in 2ms
19 verbose title npm create vite@latest trust-the-process --template react cd trust-the-process npm install
20 verbose argv "create" "vite@latest" "trust-the-process" "--" "--template" "react" "cd" "trust-the-process" "npm" "install"
21 timing npm:load:setTitle Completed in 2ms
22 timing config:load:flatten Completed in 4ms
23 timing npm:load:display Completed in 5ms
24 verbose logfile logs-max:10 dir:/home/kali/.npm/_logs/2025-06-06T15_47_48_275Z-
25 verbose logfile /home/kali/.npm/_logs/2025-06-06T15_47_48_275Z-debug-0.log
26 timing npm:load:logFile Completed in 13ms
27 timing npm:load:timers Completed in 0ms
28 timing npm:load:configScope Completed in 0ms
29 timing npm:load Completed in 50ms
30 silly logfile done cleaning log files
31 timing config:load:flatten Completed in 1ms
32 timing arborist:ctor Completed in 1ms
33 timing arborist:ctor Completed in 0ms
34 http fetch GET 200 https://registry.npmjs.org/create-vite 225ms (cache miss)
35 timing arborist:ctor Completed in 0ms
36 timing arborist:ctor Completed in 0ms
37 timing idealTree:init Completed in 10ms
38 timing idealTree:userRequests Completed in 3ms
39 silly idealTree buildDeps
40 silly fetch manifest create-vite@6.5.0
41 http fetch GET 200 https://registry.npmjs.org/create-vite 23ms (cache hit)
42 silly placeDep ROOT create-vite@6.5.0 OK for:  want: 6.5.0
43 timing idealTree:#root Completed in 37ms
44 timing idealTree:node_modules/create-vite Completed in 0ms
45 timing idealTree:buildDeps Completed in 40ms
46 timing idealTree:fixDepFlags Completed in 0ms
47 timing idealTree Completed in 55ms
48 timing reify:loadTrees Completed in 56ms
49 timing reify:diffTrees Completed in 2ms
50 silly reify moves {}
51 timing reify:retireShallow Completed in 2ms
52 timing reify:createSparse Completed in 35ms
53 timing reify:loadBundles Completed in 0ms
54 silly audit bulk request { 'create-vite': [ '6.5.0' ] }
55 silly tarball no local data for create-vite@https://registry.npmjs.org/create-vite/-/create-vite-6.5.0.tgz. Extracting by manifest.
56 http fetch POST 200 https://registry.npmjs.org/-/npm/v1/security/advisories/bulk 435ms
57 timing auditReport:getReport Completed in 437ms
58 silly audit report {}
59 timing auditReport:init Completed in 0ms
60 timing reify:audit Completed in 439ms
61 http fetch GET 200 https://registry.npmjs.org/create-vite/-/create-vite-6.5.0.tgz 955ms (cache miss)
62 timing reifyNode:node_modules/create-vite Completed in 992ms
63 timing reify:unpack Completed in 992ms
64 timing reify:unretire Completed in 1ms
65 timing build:queue Completed in 1ms
66 timing build:link:node_modules/create-vite Completed in 8ms
67 timing build:link Completed in 8ms
68 timing build:deps Completed in 9ms
69 timing build Completed in 10ms
70 timing reify:build Completed in 11ms
71 timing reify:trash Completed in 0ms
72 timing reify:save Completed in 33ms
73 timing reify Completed in 1155ms
74 timing command:create Completed in 31578ms
75 verbose exit 0
76 timing npm Completed in 31671ms
77 info ok
